<?xml version="1.0" encoding="UTF-8"?>
<!-- Generated by org.testng.reporters.JUnitReportReporter -->
<testsuite hostname="Niketa-PC" name="testCases.VerifyHomePage" tests="1" failures="0" timestamp="30 Jul 2017 04:03:17 GMT" time="23.024" errors="0">
  <testcase name="OpenHomePage" time="23.024" classname="testCases.VerifyHomePage"/>
</testsuite> <!-- testCases.VerifyHomePage -->
