<?xml version="1.0" encoding="UTF-8"?>
<!-- Generated by org.testng.reporters.JUnitReportReporter -->
<testsuite hostname="Niketa-PC" name="testCases.VerifyLoginPage" tests="1" failures="0" timestamp="8 Aug 2017 09:18:52 GMT" time="51.469" errors="0">
  <testcase name="OpenLoginPage" time="51.469" classname="testCases.VerifyLoginPage"/>
</testsuite> <!-- testCases.VerifyLoginPage -->
