<?xml version="1.0" encoding="UTF-8"?>
<!-- Generated by org.testng.reporters.JUnitReportReporter -->
<testsuite hostname="Niketa-PC" name="testCases.VerifyLoginPage2" tests="1" failures="0" timestamp="1 Aug 2017 13:54:35 GMT" time="34.179" errors="0">
  <testcase name="testLoginPage" time="34.179" classname="testCases.VerifyLoginPage2"/>
</testsuite> <!-- testCases.VerifyLoginPage2 -->
