<?xml version="1.0" encoding="UTF-8"?>
<!-- Generated by org.testng.reporters.JUnitReportReporter -->
<testsuite hostname="Niketa-PC" name="testCases.VerifyLoginPage1" tests="1" failures="0" timestamp="1 Aug 2017 13:28:30 GMT" time="33.873" errors="0">
  <testcase name="OpenLoginPage" time="33.873" classname="testCases.VerifyLoginPage1"/>
</testsuite> <!-- testCases.VerifyLoginPage1 -->
